<?xml version="1.0" encoding="UTF-8"?>
<!-- Generated by org.testng.reporters.JUnitXMLReporter -->
<testsuite ignored="0" hostname="DESKTOP-RRH179N" failures="0" tests="1" name="Test" time="1.778" errors="0" timestamp="2021-12-24T00:07:59 IST">
  <testcase classname="generic.BaseTest" name="@BeforeMethod openApp" time="1.738">
    <failure type="java.lang.NumberFormatException" message="For input string: &amp;quot;&amp;quot;">
      <![CDATA[java.lang.NumberFormatException: For input string: ""
at java.base/java.lang.NumberFormatException.forInputString(NumberFormatException.java:67)
at java.base/java.lang.Long.parseLong(Long.java:721)
at java.base/java.lang.Long.parseLong(Long.java:836)
at generic.BaseTest.openApp(BaseTest.java:28)
at java.base/java.util.ArrayList.forEach(ArrayList.java:1511)
... Removed 31 stack frames]]>
    </failure>
  </testcase> <!-- @BeforeMethod openApp -->
  <testcase classname="generic.BaseTest" name="@AfterMethod closeApp" time="-1.640284679087E9">
    <skipped/>
  </testcase> <!-- @AfterMethod closeApp -->
  <testcase classname="scripts.Demo" name="testA" time="0.0">
    <skipped/>
  </testcase> <!-- testA -->
</testsuite> <!-- Test -->
