<?xml version="1.0" encoding="UTF-8"?>
<testng-results ignored="0" total="1" passed="1" failed="0" skipped="0">
  <reporter-output>
  </reporter-output>
  <suite started-at="2021-12-24T00:14:18 IST" name="Default suite" finished-at="2021-12-24T00:14:18 IST" duration-ms="44">
    <groups>
    </groups>
    <test started-at="2021-12-24T00:14:18 IST" name="Default test" finished-at="2021-12-24T00:14:18 IST" duration-ms="44">
      <class name="scripts.Demo">
        <test-method signature="testA()[pri:0, instance:scripts.Demo@4d465b11]" started-at="2021-12-24T00:14:18 IST" name="testA" finished-at="2021-12-24T00:14:18 IST" duration-ms="7" status="PASS">
          <reporter-output>
          </reporter-output>
        </test-method> <!-- testA -->
      </class> <!-- scripts.Demo -->
    </test> <!-- Default test -->
  </suite> <!-- Default suite -->
</testng-results>
