<?xml version="1.0" encoding="UTF-8"?>
<testng-results ignored="0" total="1" passed="1" failed="0" skipped="0">
  <reporter-output>
    <line>
      <![CDATA[Setting ETO:8]]>
    </line>
    <line>
      <![CDATA[Closing the Browser]]>
    </line>
  </reporter-output>
  <suite started-at="2021-12-24T08:27:03 IST" name="Default suite" finished-at="2021-12-24T08:27:25 IST" duration-ms="21585">
    <groups>
      <group name="smoke">
        <method signature="ValidLogin.testValidLogin()[pri:1, instance:scripts.ValidLogin@7e5d9a50]" name="testValidLogin" class="scripts.ValidLogin"/>
      </group> <!-- smoke -->
      <group name="login">
        <method signature="ValidLogin.testValidLogin()[pri:1, instance:scripts.ValidLogin@7e5d9a50]" name="testValidLogin" class="scripts.ValidLogin"/>
      </group> <!-- login -->
    </groups>
    <test started-at="2021-12-24T08:27:03 IST" name="Default test" finished-at="2021-12-24T08:27:25 IST" duration-ms="21585">
      <class name="scripts.ValidLogin">
        <test-method is-config="true" signature="openApp()[pri:0, instance:scripts.ValidLogin@7e5d9a50]" started-at="2021-12-24T08:27:03 IST" name="openApp" finished-at="2021-12-24T08:27:16 IST" duration-ms="12972" status="PASS">
          <reporter-output>
            <line>
              <![CDATA[Setting ETO:8]]>
            </line>
          </reporter-output>
        </test-method> <!-- openApp -->
        <test-method signature="testValidLogin()[pri:1, instance:scripts.ValidLogin@7e5d9a50]" started-at="2021-12-24T08:27:16 IST" name="testValidLogin" finished-at="2021-12-24T08:27:23 IST" duration-ms="7209" status="PASS">
          <reporter-output>
          </reporter-output>
        </test-method> <!-- testValidLogin -->
        <test-method is-config="true" signature="closeApp()[pri:0, instance:scripts.ValidLogin@7e5d9a50]" started-at="2021-12-24T08:27:23 IST" name="closeApp" finished-at="2021-12-24T08:27:25 IST" duration-ms="1328" status="PASS">
          <reporter-output>
            <line>
              <![CDATA[Closing the Browser]]>
            </line>
          </reporter-output>
        </test-method> <!-- closeApp -->
      </class> <!-- scripts.ValidLogin -->
    </test> <!-- Default test -->
  </suite> <!-- Default suite -->
</testng-results>
